Using pre-set license
Built from '2020.2/release' branch; Version is '2020.2.1f1 (270dd8c3da1c) revision 2559448'; Using compiler version '192528614'; Build Type 'Release'
OS: 'Windows 10  (10.0.0) 64bit' Language: 'en' Physical Memory: 16336 MB
BatchMode: 1, IsHumanControllingUs: 0, StartBugReporterOnCrash: 0, Is64bit: 1, IsPro: 0

 COMMAND LINE ARGUMENTS:
C:\Program Files\Unity\Hub\Editor\2020.2.1f1\Editor\Unity.exe
-adb2
-batchMode
-noUpm
-name
AssetImportWorker0
-projectPath
C:/Users/Matt/Desktop/school/UCF/Computer As a Medium/Tutorial 1-5
-logFile
Logs/AssetImportWorker0.log
-srvPort
63743
Successfully changed project path to: C:/Users/Matt/Desktop/school/UCF/Computer As a Medium/Tutorial 1-5
C:/Users/Matt/Desktop/school/UCF/Computer As a Medium/Tutorial 1-5
Using Asset Import Pipeline V2.
Refreshing native plugins compatible for Editor in 38.77 ms, found 1 plugins.
Preloading 0 native plugins for Editor in 0.00 ms.
Initialize engine version: 2020.2.1f1 (270dd8c3da1c)
[Subsystems] Discovering subsystems at path C:/Program Files/Unity/Hub/Editor/2020.2.1f1/Editor/Data/Resources/UnitySubsystems
[Subsystems] Discovering subsystems at path C:/Users/Matt/Desktop/school/UCF/Computer As a Medium/Tutorial 1-5/Assets
GfxDevice: creating device client; threaded=0
Direct3D:
    Version:  Direct3D 11.0 [level 11.1]
    Renderer: NVIDIA GeForce GTX 960 (ID=0x1401)
    Vendor:   
    VRAM:     4053 MB
    Driver:   30.0.14.7212
Initialize mono
Mono path[0] = 'C:/Program Files/Unity/Hub/Editor/2020.2.1f1/Editor/Data/Managed'
Mono path[1] = 'C:/Program Files/Unity/Hub/Editor/2020.2.1f1/Editor/Data/MonoBleedingEdge/lib/mono/unityjit'
Mono config path = 'C:/Program Files/Unity/Hub/Editor/2020.2.1f1/Editor/Data/MonoBleedingEdge/etc'
Using monoOptions --debugger-agent=transport=dt_socket,embedding=1,server=y,suspend=n,address=127.0.0.1:56408
Begin MonoManager ReloadAssembly
Registering precompiled unity dll's ...
Register platform support module: C:/Program Files/Unity/Hub/Editor/2020.2.1f1/Editor/Data/PlaybackEngines/WebGLSupport/UnityEditor.WebGL.Extensions.dll
Register platform support module: C:/Program Files/Unity/Hub/Editor/2020.2.1f1/Editor/Data/PlaybackEngines/WindowsStandaloneSupport/UnityEditor.WindowsStandalone.Extensions.dll
Registered in 0.002556 seconds.
Native extension for WindowsStandalone target not found
Native extension for WebGL target not found
Refreshing native plugins compatible for Editor in 38.86 ms, found 1 plugins.
Preloading 0 native plugins for Editor in 0.00 ms.
Invoked RoslynAnalysisRunner static constructor.
RoslynAnalysisRunner will not be running.
RoslynAnalysisRunner has terminated.
Mono: successfully reloaded assembly
- Completed reload, in  1.426 seconds
Platform modules already initialized, skipping
Registering precompiled user dll's ...
Registered in 0.001158 seconds.
Begin MonoManager ReloadAssembly
Native extension for WindowsStandalone target not found
Native extension for WebGL target not found
Refreshing native plugins compatible for Editor in 38.87 ms, found 1 plugins.
Preloading 0 native plugins for Editor in 0.00 ms.
Invoked RoslynAnalysisRunner static constructor.
RoslynAnalysisRunner will not be running.
RoslynAnalysisRunner has terminated.
Mono: successfully reloaded assembly
- Completed reload, in  1.028 seconds
Platform modules already initialized, skipping
========================================================================
Worker process is ready to serve import requests
Launched and connected shader compiler UnityShaderCompiler.exe after 0.03 seconds
Refreshing native plugins compatible for Editor in 0.34 ms, found 1 plugins.
Preloading 0 native plugins for Editor in 0.00 ms.
Unloading 1787 Unused Serialized files (Serialized files now loaded: 0)
System memory in use before: 83.6 MB.
System memory in use after: 83.6 MB.

Unloading 24 unused Assets to reduce memory usage. Loaded Objects now: 2226.
Total: 2.112400 ms (FindLiveObjects: 0.163200 ms CreateObjectMapping: 0.064900 ms MarkObjects: 1.774400 ms  DeleteObjects: 0.108800 ms)

========================================================================
Received Import Request.
  path: Assets
  artifactKey: Guid(00000000000000001000000000000000) Importer(815301076,1909f56bfc062723c751e8b465ee728b)
Start importing Assets using Guid(00000000000000001000000000000000) Importer(815301076,1909f56bfc062723c751e8b465ee728b)  -> (artifact id: 'e1a2c4dac9df7c17871e19a3b74f0e9f') in 0.022996 seconds
  Import took 0.025902 seconds .

========================================================================
Received Import Request.
  Time since last request: 263.341851 seconds.
  path: Assets/awesomeness.wav
  artifactKey: Guid(cd6733191742bf94e91b303db7957191) Importer(815301076,1909f56bfc062723c751e8b465ee728b)
Start importing Assets/awesomeness.wav using Guid(cd6733191742bf94e91b303db7957191) Importer(815301076,1909f56bfc062723c751e8b465ee728b)  -> (artifact id: '2f6050e3f2fae85c5669e9a9aed7b5ad') in 0.171062 seconds
  Import took 0.175099 seconds .

========================================================================
Received Import Request.
  Time since last request: 0.000218 seconds.
  path: Assets/The Dark Amulet.mp3
  artifactKey: Guid(6d72ca89b72899f43bb5fe0f3f51327d) Importer(815301076,1909f56bfc062723c751e8b465ee728b)
Start importing Assets/The Dark Amulet.mp3 using Guid(6d72ca89b72899f43bb5fe0f3f51327d) Importer(815301076,1909f56bfc062723c751e8b465ee728b)  -> (artifact id: '2615f2a09f6f4daa73c9d6e03dd9d7ee') in 0.071941 seconds
  Import took 0.075117 seconds .

========================================================================
Received Import Request.
  Time since last request: 0.007790 seconds.
  path: Assets/The Dark Amulet.mp3
  artifactKey: Guid(6d72ca89b72899f43bb5fe0f3f51327d) Importer(815301076,1909f56bfc062723c751e8b465ee728b)
Start importing Assets/The Dark Amulet.mp3 using Guid(6d72ca89b72899f43bb5fe0f3f51327d) Importer(815301076,1909f56bfc062723c751e8b465ee728b)  -> (artifact id: '2615f2a09f6f4daa73c9d6e03dd9d7ee') in 0.011782 seconds
  Import took 0.015619 seconds .

AssetImportWorkerClient::OnTransportError - code=2 error=End of file
